<?xml version="1.0" encoding="UTF-8"?>
<robot generator="Robot 7.2.2 (Python 3.13.2 on darwin)" generated="2025-03-27T20:29:56.230013" rpa="false" schemaversion="5">
<suite id="s1" name="TS02-Login" source="/Users/nawaratpatnantaporn/Desktop/Project/Testcase/Login/Login-Errorcase/TS02-Login.robot">
<test id="s1-t1" name="TC-T206 Logged in with correct email and password but account was deleted" line="84">
<kw name="Open Browser" owner="SeleniumLibrary">
<msg time="2025-03-27T20:29:56.299535" level="INFO">Opening browser 'Chrome' to base url 'http://localhost:5173/'.</msg>
<arg>http://localhost:5173/</arg>
<arg>Chrome</arg>
<doc>Opens a new browser instance to the optional ``url``.</doc>
<status status="PASS" start="2025-03-27T20:29:56.299449" elapsed="1.173183"/>
</kw>
<kw name="Maximize Browser Window" owner="SeleniumLibrary">
<doc>Maximizes current browser window.</doc>
<status status="PASS" start="2025-03-27T20:29:57.473589" elapsed="0.109218"/>
</kw>
<kw name="Set Screenshot Directory" owner="SeleniumLibrary">
<arg>account-was-deleted</arg>
<doc>Sets the directory for captured screenshots.</doc>
<status status="PASS" start="2025-03-27T20:29:57.582995" elapsed="0.000307"/>
</kw>
<kw name="Capture Page Screenshot" owner="SeleniumLibrary">
<msg time="2025-03-27T20:29:58.214717" level="INFO" html="true">&lt;/td&gt;&lt;/tr&gt;&lt;tr&gt;&lt;td colspan="3"&gt;&lt;a href="account-was-deleted/selenium-screenshot-1.png"&gt;&lt;img src="account-was-deleted/selenium-screenshot-1.png" width="800px"&gt;&lt;/a&gt;</msg>
<doc>Takes a screenshot of the current page and embeds it into a log file.</doc>
<status status="PASS" start="2025-03-27T20:29:57.583412" elapsed="0.631374"/>
</kw>
<kw name="Click Element" owner="SeleniumLibrary">
<msg time="2025-03-27T20:29:58.215133" level="INFO">Clicking element '//*[@id="root"]/div/div[4]/header/div/div/nav/a[3]'.</msg>
<arg>//*[@id="root"]/div/div[4]/header/div/div/nav/a[3]</arg>
<doc>Click the element identified by ``locator``.</doc>
<status status="PASS" start="2025-03-27T20:29:58.214905" elapsed="0.037839"/>
</kw>
<kw name="Sleep" owner="BuiltIn">
<msg time="2025-03-27T20:30:00.254238" level="INFO">Slept 2 seconds.</msg>
<arg>2</arg>
<doc>Pauses the test executed for the given time.</doc>
<status status="PASS" start="2025-03-27T20:29:58.252901" elapsed="2.001442"/>
</kw>
<kw name="Capture Page Screenshot" owner="SeleniumLibrary">
<msg time="2025-03-27T20:30:00.573595" level="INFO" html="true">&lt;/td&gt;&lt;/tr&gt;&lt;tr&gt;&lt;td colspan="3"&gt;&lt;a href="account-was-deleted/selenium-screenshot-2.png"&gt;&lt;img src="account-was-deleted/selenium-screenshot-2.png" width="800px"&gt;&lt;/a&gt;</msg>
<doc>Takes a screenshot of the current page and embeds it into a log file.</doc>
<status status="PASS" start="2025-03-27T20:30:00.254557" elapsed="0.319099"/>
</kw>
<kw name="Input Text" owner="SeleniumLibrary">
<msg time="2025-03-27T20:30:00.573883" level="INFO">Typing text 'nawarat25@gmail.com' into text field 'email'.</msg>
<arg>email</arg>
<arg>nawarat25@gmail.com</arg>
<doc>Types the given ``text`` into the text field identified by ``locator``.</doc>
<status status="PASS" start="2025-03-27T20:30:00.573775" elapsed="0.087156"/>
</kw>
<kw name="Capture Page Screenshot" owner="SeleniumLibrary">
<msg time="2025-03-27T20:30:00.971119" level="INFO" html="true">&lt;/td&gt;&lt;/tr&gt;&lt;tr&gt;&lt;td colspan="3"&gt;&lt;a href="account-was-deleted/selenium-screenshot-3.png"&gt;&lt;img src="account-was-deleted/selenium-screenshot-3.png" width="800px"&gt;&lt;/a&gt;</msg>
<doc>Takes a screenshot of the current page and embeds it into a log file.</doc>
<status status="PASS" start="2025-03-27T20:30:00.661108" elapsed="0.310069"/>
</kw>
<kw name="Input Text" owner="SeleniumLibrary">
<msg time="2025-03-27T20:30:00.971406" level="INFO">Typing text '1339900785631' into text field 'password'.</msg>
<arg>password</arg>
<arg>1339900785631</arg>
<doc>Types the given ``text`` into the text field identified by ``locator``.</doc>
<status status="PASS" start="2025-03-27T20:30:00.971303" elapsed="0.035431"/>
</kw>
<kw name="Capture Page Screenshot" owner="SeleniumLibrary">
<msg time="2025-03-27T20:30:01.319903" level="INFO" html="true">&lt;/td&gt;&lt;/tr&gt;&lt;tr&gt;&lt;td colspan="3"&gt;&lt;a href="account-was-deleted/selenium-screenshot-4.png"&gt;&lt;img src="account-was-deleted/selenium-screenshot-4.png" width="800px"&gt;&lt;/a&gt;</msg>
<doc>Takes a screenshot of the current page and embeds it into a log file.</doc>
<status status="PASS" start="2025-03-27T20:30:01.006867" elapsed="0.313095"/>
</kw>
<kw name="Sleep" owner="BuiltIn">
<msg time="2025-03-27T20:30:03.321590" level="INFO">Slept 2 seconds.</msg>
<arg>2</arg>
<doc>Pauses the test executed for the given time.</doc>
<status status="PASS" start="2025-03-27T20:30:01.320072" elapsed="2.001658"/>
</kw>
<kw name="Capture Page Screenshot" owner="SeleniumLibrary">
<msg time="2025-03-27T20:30:03.651452" level="INFO" html="true">&lt;/td&gt;&lt;/tr&gt;&lt;tr&gt;&lt;td colspan="3"&gt;&lt;a href="account-was-deleted/selenium-screenshot-5.png"&gt;&lt;img src="account-was-deleted/selenium-screenshot-5.png" width="800px"&gt;&lt;/a&gt;</msg>
<doc>Takes a screenshot of the current page and embeds it into a log file.</doc>
<status status="PASS" start="2025-03-27T20:30:03.322000" elapsed="0.329539"/>
</kw>
<kw name="Click Button" owner="SeleniumLibrary">
<msg time="2025-03-27T20:30:03.651811" level="INFO">Clicking button '//*[@id="root"]/div/div[4]/div/div/div[1]/form/button'.</msg>
<arg>//*[@id="root"]/div/div[4]/div/div/div[1]/form/button</arg>
<doc>Clicks the button identified by ``locator``.</doc>
<status status="PASS" start="2025-03-27T20:30:03.651681" elapsed="0.032828"/>
</kw>
<kw name="Sleep" owner="BuiltIn">
<msg time="2025-03-27T20:30:05.685171" level="INFO">Slept 2 seconds.</msg>
<arg>2</arg>
<doc>Pauses the test executed for the given time.</doc>
<status status="PASS" start="2025-03-27T20:30:03.684681" elapsed="2.000677"/>
</kw>
<kw name="Capture Page Screenshot" owner="SeleniumLibrary">
<msg time="2025-03-27T20:30:05.926730" level="INFO" html="true">&lt;/td&gt;&lt;/tr&gt;&lt;tr&gt;&lt;td colspan="3"&gt;&lt;a href="account-was-deleted/selenium-screenshot-6.png"&gt;&lt;img src="account-was-deleted/selenium-screenshot-6.png" width="800px"&gt;&lt;/a&gt;</msg>
<doc>Takes a screenshot of the current page and embeds it into a log file.</doc>
<status status="PASS" start="2025-03-27T20:30:05.685710" elapsed="0.241136"/>
</kw>
<status status="PASS" start="2025-03-27T20:29:56.299056" elapsed="9.627965"/>
</test>
<doc>Test Login into We Are You website</doc>
<status status="PASS" start="2025-03-27T20:29:56.230491" elapsed="9.696856"/>
</suite>
<statistics>
<total>
<stat pass="1" fail="0" skip="0">All Tests</stat>
</total>
<tag>
</tag>
<suite>
<stat name="TS02-Login" id="s1" pass="1" fail="0" skip="0">TS02-Login</stat>
</suite>
</statistics>
<errors>
</errors>
</robot>
