<?xml version="1.0" encoding="UTF-8"?>
<robot generator="Robot 7.2.2 (Python 3.13.2 on darwin)" generated="2025-03-27T22:49:30.508382" rpa="false" schemaversion="5">
<suite id="s1" name="TS02-Login" source="/Users/nawaratpatnantaporn/Desktop/Project/Testcase/Login/Login-Successcase/TS02-Login.robot">
<test id="s1-t1" name="TC-T202 Login success admin" line="27">
<kw name="Open Browser" owner="SeleniumLibrary">
<msg time="2025-03-27T22:49:30.578129" level="INFO">Opening browser 'Chrome' to base url 'http://localhost:5173/'.</msg>
<arg>http://localhost:5173/</arg>
<arg>Chrome</arg>
<doc>Opens a new browser instance to the optional ``url``.</doc>
<status status="PASS" start="2025-03-27T22:49:30.578033" elapsed="1.193923"/>
</kw>
<kw name="Maximize Browser Window" owner="SeleniumLibrary">
<doc>Maximizes current browser window.</doc>
<status status="PASS" start="2025-03-27T22:49:31.773425" elapsed="0.129183"/>
</kw>
<kw name="Set Screenshot Directory" owner="SeleniumLibrary">
<arg>admin</arg>
<doc>Sets the directory for captured screenshots.</doc>
<status status="PASS" start="2025-03-27T22:49:31.902864" elapsed="0.000502"/>
</kw>
<kw name="Capture Page Screenshot" owner="SeleniumLibrary">
<msg time="2025-03-27T22:49:32.532754" level="INFO" html="true">&lt;/td&gt;&lt;/tr&gt;&lt;tr&gt;&lt;td colspan="3"&gt;&lt;a href="admin/selenium-screenshot-1.png"&gt;&lt;img src="admin/selenium-screenshot-1.png" width="800px"&gt;&lt;/a&gt;</msg>
<doc>Takes a screenshot of the current page and embeds it into a log file.</doc>
<status status="PASS" start="2025-03-27T22:49:31.903887" elapsed="0.628936"/>
</kw>
<kw name="Click Element" owner="SeleniumLibrary">
<msg time="2025-03-27T22:49:32.533211" level="INFO">Clicking element '//*[@id="root"]/div/div[4]/header/div/div/nav/a[3]'.</msg>
<arg>//*[@id="root"]/div/div[4]/header/div/div/nav/a[3]</arg>
<doc>Click the element identified by ``locator``.</doc>
<status status="PASS" start="2025-03-27T22:49:32.532952" elapsed="0.037763"/>
</kw>
<kw name="Sleep" owner="BuiltIn">
<msg time="2025-03-27T22:49:34.572085" level="INFO">Slept 2 seconds.</msg>
<arg>2</arg>
<doc>Pauses the test executed for the given time.</doc>
<status status="PASS" start="2025-03-27T22:49:32.570884" elapsed="2.001351"/>
</kw>
<kw name="Capture Page Screenshot" owner="SeleniumLibrary">
<msg time="2025-03-27T22:49:34.898764" level="INFO" html="true">&lt;/td&gt;&lt;/tr&gt;&lt;tr&gt;&lt;td colspan="3"&gt;&lt;a href="admin/selenium-screenshot-2.png"&gt;&lt;img src="admin/selenium-screenshot-2.png" width="800px"&gt;&lt;/a&gt;</msg>
<doc>Takes a screenshot of the current page and embeds it into a log file.</doc>
<status status="PASS" start="2025-03-27T22:49:34.572564" elapsed="0.326278"/>
</kw>
<kw name="Input Text" owner="SeleniumLibrary">
<msg time="2025-03-27T22:49:34.899094" level="INFO">Typing text 'admin@gmail.com' into text field 'email'.</msg>
<arg>email</arg>
<arg>admin@gmail.com</arg>
<doc>Types the given ``text`` into the text field identified by ``locator``.</doc>
<status status="PASS" start="2025-03-27T22:49:34.898972" elapsed="0.084184"/>
</kw>
<kw name="Capture Page Screenshot" owner="SeleniumLibrary">
<msg time="2025-03-27T22:49:35.296696" level="INFO" html="true">&lt;/td&gt;&lt;/tr&gt;&lt;tr&gt;&lt;td colspan="3"&gt;&lt;a href="admin/selenium-screenshot-3.png"&gt;&lt;img src="admin/selenium-screenshot-3.png" width="800px"&gt;&lt;/a&gt;</msg>
<doc>Takes a screenshot of the current page and embeds it into a log file.</doc>
<status status="PASS" start="2025-03-27T22:49:34.983331" elapsed="0.313427"/>
</kw>
<kw name="Input Text" owner="SeleniumLibrary">
<msg time="2025-03-27T22:49:35.297007" level="INFO">Typing text '1111111111111' into text field 'password'.</msg>
<arg>password</arg>
<arg>1111111111111</arg>
<doc>Types the given ``text`` into the text field identified by ``locator``.</doc>
<status status="PASS" start="2025-03-27T22:49:35.296902" elapsed="0.028978"/>
</kw>
<kw name="Capture Page Screenshot" owner="SeleniumLibrary">
<msg time="2025-03-27T22:49:35.635223" level="INFO" html="true">&lt;/td&gt;&lt;/tr&gt;&lt;tr&gt;&lt;td colspan="3"&gt;&lt;a href="admin/selenium-screenshot-4.png"&gt;&lt;img src="admin/selenium-screenshot-4.png" width="800px"&gt;&lt;/a&gt;</msg>
<doc>Takes a screenshot of the current page and embeds it into a log file.</doc>
<status status="PASS" start="2025-03-27T22:49:35.326011" elapsed="0.309284"/>
</kw>
<kw name="Sleep" owner="BuiltIn">
<msg time="2025-03-27T22:49:37.636975" level="INFO">Slept 2 seconds.</msg>
<arg>2</arg>
<doc>Pauses the test executed for the given time.</doc>
<status status="PASS" start="2025-03-27T22:49:35.635425" elapsed="2.001720"/>
</kw>
<kw name="Capture Page Screenshot" owner="SeleniumLibrary">
<msg time="2025-03-27T22:49:37.969369" level="INFO" html="true">&lt;/td&gt;&lt;/tr&gt;&lt;tr&gt;&lt;td colspan="3"&gt;&lt;a href="admin/selenium-screenshot-5.png"&gt;&lt;img src="admin/selenium-screenshot-5.png" width="800px"&gt;&lt;/a&gt;</msg>
<doc>Takes a screenshot of the current page and embeds it into a log file.</doc>
<status status="PASS" start="2025-03-27T22:49:37.637463" elapsed="0.331970"/>
</kw>
<kw name="Click Button" owner="SeleniumLibrary">
<msg time="2025-03-27T22:49:37.969699" level="INFO">Clicking button '//*[@id="root"]/div/div[4]/div/div/div[1]/form/button'.</msg>
<arg>//*[@id="root"]/div/div[4]/div/div/div[1]/form/button</arg>
<doc>Clicks the button identified by ``locator``.</doc>
<status status="PASS" start="2025-03-27T22:49:37.969566" elapsed="0.041626"/>
</kw>
<kw name="Sleep" owner="BuiltIn">
<msg time="2025-03-27T22:49:40.013105" level="INFO">Slept 2 seconds.</msg>
<arg>2</arg>
<doc>Pauses the test executed for the given time.</doc>
<status status="PASS" start="2025-03-27T22:49:38.011335" elapsed="2.002047"/>
</kw>
<kw name="Capture Page Screenshot" owner="SeleniumLibrary">
<msg time="2025-03-27T22:49:40.683169" level="INFO" html="true">&lt;/td&gt;&lt;/tr&gt;&lt;tr&gt;&lt;td colspan="3"&gt;&lt;a href="admin/selenium-screenshot-6.png"&gt;&lt;img src="admin/selenium-screenshot-6.png" width="800px"&gt;&lt;/a&gt;</msg>
<doc>Takes a screenshot of the current page and embeds it into a log file.</doc>
<status status="PASS" start="2025-03-27T22:49:40.013872" elapsed="0.669362"/>
</kw>
<kw name="Click Element" owner="SeleniumLibrary">
<msg time="2025-03-27T22:49:40.683503" level="INFO">Clicking element '//*[@id="root"]/div/div[4]/header/div/div/nav/a[3]'.</msg>
<arg>//*[@id="root"]/div/div[4]/header/div/div/nav/a[3]</arg>
<doc>Click the element identified by ``locator``.</doc>
<status status="PASS" start="2025-03-27T22:49:40.683386" elapsed="0.026669"/>
</kw>
<kw name="Sleep" owner="BuiltIn">
<msg time="2025-03-27T22:49:42.711261" level="INFO">Slept 2 seconds.</msg>
<arg>2</arg>
<doc>Pauses the test executed for the given time.</doc>
<status status="PASS" start="2025-03-27T22:49:40.710322" elapsed="2.001087"/>
</kw>
<kw name="Capture Page Screenshot" owner="SeleniumLibrary">
<msg time="2025-03-27T22:49:43.030433" level="INFO" html="true">&lt;/td&gt;&lt;/tr&gt;&lt;tr&gt;&lt;td colspan="3"&gt;&lt;a href="admin/selenium-screenshot-7.png"&gt;&lt;img src="admin/selenium-screenshot-7.png" width="800px"&gt;&lt;/a&gt;</msg>
<doc>Takes a screenshot of the current page and embeds it into a log file.</doc>
<status status="PASS" start="2025-03-27T22:49:42.711665" elapsed="0.318841"/>
</kw>
<status status="PASS" start="2025-03-27T22:49:30.577636" elapsed="12.453035"/>
</test>
<doc>Test Login into We Are You website</doc>
<status status="PASS" start="2025-03-27T22:49:30.508832" elapsed="12.522156"/>
</suite>
<statistics>
<total>
<stat pass="1" fail="0" skip="0">All Tests</stat>
</total>
<tag>
</tag>
<suite>
<stat name="TS02-Login" id="s1" pass="1" fail="0" skip="0">TS02-Login</stat>
</suite>
</statistics>
<errors>
</errors>
</robot>
