<?xml version="1.0" encoding="UTF-8"?>
<robot generator="Robot 7.2.2 (Python 3.13.2 on darwin)" generated="2025-03-16T18:17:54.095336" rpa="false" schemaversion="5">
<suite id="s1" name="Automated" source="/Users/nawaratpatnantaporn/Desktop/CSI403 - piprobot/Automated.robot">
<test id="s1-t1" name="TC-S0105 SCMS For Student" line="45">
<kw name="Open Browser" owner="SeleniumLibrary">
<msg time="2025-03-16T18:17:54.168387" level="INFO">Opening browser 'Chrome' to base url 'https://studentscms.spu.ac.th/estudent/estudentlogin1.cfm'.</msg>
<arg>https://studentscms.spu.ac.th/estudent/estudentlogin1.cfm</arg>
<arg>Chrome</arg>
<doc>Opens a new browser instance to the optional ``url``.</doc>
<status status="PASS" start="2025-03-16T18:17:54.168300" elapsed="1.044452"/>
</kw>
<kw name="Maximize Browser Window" owner="SeleniumLibrary">
<doc>Maximizes current browser window.</doc>
<status status="PASS" start="2025-03-16T18:17:55.213205" elapsed="0.413968"/>
</kw>
<kw name="Sleep" owner="BuiltIn">
<msg time="2025-03-16T18:17:58.628906" level="INFO">Slept 3 seconds.</msg>
<arg>3</arg>
<doc>Pauses the test executed for the given time.</doc>
<status status="PASS" start="2025-03-16T18:17:55.627437" elapsed="3.001775"/>
</kw>
<kw name="Capture Page Screenshot" owner="SeleniumLibrary">
<msg time="2025-03-16T18:17:59.089693" level="INFO" html="true">&lt;/td&gt;&lt;/tr&gt;&lt;tr&gt;&lt;td colspan="3"&gt;&lt;a href="selenium-screenshot-1.png"&gt;&lt;img src="selenium-screenshot-1.png" width="800px"&gt;&lt;/a&gt;</msg>
<doc>Takes a screenshot of the current page and embeds it into a log file.</doc>
<status status="PASS" start="2025-03-16T18:17:58.629787" elapsed="0.459971"/>
</kw>
<kw name="Input Text" owner="SeleniumLibrary">
<msg time="2025-03-16T18:17:59.090104" level="INFO">Typing text '65072713' into text field 'username'.</msg>
<arg>username</arg>
<arg>65072713</arg>
<doc>Types the given ``text`` into the text field identified by ``locator``.</doc>
<status status="PASS" start="2025-03-16T18:17:59.089876" elapsed="0.083952"/>
</kw>
<kw name="Input Text" owner="SeleniumLibrary">
<msg time="2025-03-16T18:17:59.174067" level="INFO">Typing text '1339900768391' into text field 'password'.</msg>
<arg>password</arg>
<arg>1339900768391</arg>
<doc>Types the given ``text`` into the text field identified by ``locator``.</doc>
<status status="PASS" start="2025-03-16T18:17:59.173956" elapsed="0.025597"/>
</kw>
<kw name="Capture Page Screenshot" owner="SeleniumLibrary">
<msg time="2025-03-16T18:17:59.620095" level="INFO" html="true">&lt;/td&gt;&lt;/tr&gt;&lt;tr&gt;&lt;td colspan="3"&gt;&lt;a href="selenium-screenshot-2.png"&gt;&lt;img src="selenium-screenshot-2.png" width="800px"&gt;&lt;/a&gt;</msg>
<doc>Takes a screenshot of the current page and embeds it into a log file.</doc>
<status status="PASS" start="2025-03-16T18:17:59.199688" elapsed="0.420469"/>
</kw>
<kw name="Click Element" owner="SeleniumLibrary">
<msg time="2025-03-16T18:17:59.620375" level="INFO">Clicking element '//*[@id="userForm"]/div[4]/button'.</msg>
<arg>//*[@id="userForm"]/div[4]/button</arg>
<doc>Click the element identified by ``locator``.</doc>
<status status="PASS" start="2025-03-16T18:17:59.620272" elapsed="0.023482"/>
</kw>
<kw name="Sleep" owner="BuiltIn">
<msg time="2025-03-16T18:18:02.644194" level="INFO">Slept 3 seconds.</msg>
<arg>3</arg>
<doc>Pauses the test executed for the given time.</doc>
<status status="PASS" start="2025-03-16T18:17:59.643894" elapsed="3.000564"/>
</kw>
<kw name="Capture Page Screenshot" owner="SeleniumLibrary">
<msg time="2025-03-16T18:18:02.778673" level="INFO" html="true">&lt;/td&gt;&lt;/tr&gt;&lt;tr&gt;&lt;td colspan="3"&gt;&lt;a href="selenium-screenshot-3.png"&gt;&lt;img src="selenium-screenshot-3.png" width="800px"&gt;&lt;/a&gt;</msg>
<doc>Takes a screenshot of the current page and embeds it into a log file.</doc>
<status status="PASS" start="2025-03-16T18:18:02.644984" elapsed="0.133767"/>
</kw>
<kw name="Click Element" owner="SeleniumLibrary">
<msg time="2025-03-16T18:18:02.779012" level="INFO">Clicking element '//*[@id="formDetail"]/div/a'.</msg>
<arg>//*[@id="formDetail"]/div/a</arg>
<doc>Click the element identified by ``locator``.</doc>
<status status="PASS" start="2025-03-16T18:18:02.778896" elapsed="1.976149"/>
</kw>
<kw name="Sleep" owner="BuiltIn">
<msg time="2025-03-16T18:18:07.756879" level="INFO">Slept 3 seconds.</msg>
<arg>3</arg>
<doc>Pauses the test executed for the given time.</doc>
<status status="PASS" start="2025-03-16T18:18:04.755572" elapsed="3.001610"/>
</kw>
<kw name="Capture Page Screenshot" owner="SeleniumLibrary">
<msg time="2025-03-16T18:18:07.908977" level="INFO" html="true">&lt;/td&gt;&lt;/tr&gt;&lt;tr&gt;&lt;td colspan="3"&gt;&lt;a href="selenium-screenshot-4.png"&gt;&lt;img src="selenium-screenshot-4.png" width="800px"&gt;&lt;/a&gt;</msg>
<doc>Takes a screenshot of the current page and embeds it into a log file.</doc>
<status status="PASS" start="2025-03-16T18:18:07.757907" elapsed="0.151132"/>
</kw>
<kw name="Click Element" owner="SeleniumLibrary">
<msg time="2025-03-16T18:18:07.909263" level="INFO">Clicking element '//*[@id="clickmenu01a"]/button'.</msg>
<arg>//*[@id="clickmenu01a"]/button</arg>
<doc>Click the element identified by ``locator``.</doc>
<status status="PASS" start="2025-03-16T18:18:07.909158" elapsed="0.023329"/>
</kw>
<kw name="Sleep" owner="BuiltIn">
<msg time="2025-03-16T18:18:10.935053" level="INFO">Slept 3 seconds.</msg>
<arg>3</arg>
<doc>Pauses the test executed for the given time.</doc>
<status status="PASS" start="2025-03-16T18:18:07.932752" elapsed="3.002640"/>
</kw>
<kw name="Capture Page Screenshot" owner="SeleniumLibrary">
<msg time="2025-03-16T18:18:11.107124" level="INFO" html="true">&lt;/td&gt;&lt;/tr&gt;&lt;tr&gt;&lt;td colspan="3"&gt;&lt;a href="selenium-screenshot-5.png"&gt;&lt;img src="selenium-screenshot-5.png" width="800px"&gt;&lt;/a&gt;</msg>
<doc>Takes a screenshot of the current page and embeds it into a log file.</doc>
<status status="PASS" start="2025-03-16T18:18:10.936004" elapsed="0.171193"/>
</kw>
<kw name="Click Element" owner="SeleniumLibrary">
<msg time="2025-03-16T18:18:11.107428" level="INFO">Clicking element '//*[@id="clickmenu01a"]/div/div/div/div/div/div[1]'.</msg>
<arg>//*[@id="clickmenu01a"]/div/div/div/div/div/div[1]</arg>
<doc>Click the element identified by ``locator``.</doc>
<status status="PASS" start="2025-03-16T18:18:11.107321" elapsed="0.030964"/>
</kw>
<kw name="Sleep" owner="BuiltIn">
<msg time="2025-03-16T18:18:14.140194" level="INFO">Slept 3 seconds.</msg>
<arg>3</arg>
<doc>Pauses the test executed for the given time.</doc>
<status status="PASS" start="2025-03-16T18:18:11.138458" elapsed="3.002018"/>
</kw>
<kw name="Capture Page Screenshot" owner="SeleniumLibrary">
<msg time="2025-03-16T18:18:14.324846" level="INFO" html="true">&lt;/td&gt;&lt;/tr&gt;&lt;tr&gt;&lt;td colspan="3"&gt;&lt;a href="selenium-screenshot-6.png"&gt;&lt;img src="selenium-screenshot-6.png" width="800px"&gt;&lt;/a&gt;</msg>
<doc>Takes a screenshot of the current page and embeds it into a log file.</doc>
<status status="PASS" start="2025-03-16T18:18:14.141037" elapsed="0.183879"/>
</kw>
<kw name="Switch Window" owner="SeleniumLibrary">
<arg>NEW</arg>
<doc>Switches to browser window matching ``locator``.</doc>
<status status="PASS" start="2025-03-16T18:18:14.325069" elapsed="0.006023"/>
</kw>
<kw name="Sleep" owner="BuiltIn">
<msg time="2025-03-16T18:18:17.332675" level="INFO">Slept 3 seconds.</msg>
<arg>3</arg>
<doc>Pauses the test executed for the given time.</doc>
<status status="PASS" start="2025-03-16T18:18:14.331240" elapsed="3.001718"/>
</kw>
<kw name="Capture Page Screenshot" owner="SeleniumLibrary">
<msg time="2025-03-16T18:18:17.526640" level="INFO" html="true">&lt;/td&gt;&lt;/tr&gt;&lt;tr&gt;&lt;td colspan="3"&gt;&lt;a href="selenium-screenshot-7.png"&gt;&lt;img src="selenium-screenshot-7.png" width="800px"&gt;&lt;/a&gt;</msg>
<doc>Takes a screenshot of the current page and embeds it into a log file.</doc>
<status status="PASS" start="2025-03-16T18:18:17.333576" elapsed="0.193119"/>
</kw>
<kw name="Element Text Should Be" owner="SeleniumLibrary">
<msg time="2025-03-16T18:18:17.526917" level="INFO">Verifying element '//*[@id="stdid"]' contains exact text '65072713'.</msg>
<arg>//*[@id="stdid"]</arg>
<arg>65072713</arg>
<doc>Verifies that element ``locator`` contains exact the text ``expected``.</doc>
<status status="PASS" start="2025-03-16T18:18:17.526803" elapsed="0.009913"/>
</kw>
<kw name="Sleep" owner="BuiltIn">
<msg time="2025-03-16T18:18:20.537755" level="INFO">Slept 3 seconds.</msg>
<arg>3</arg>
<doc>Pauses the test executed for the given time.</doc>
<status status="PASS" start="2025-03-16T18:18:17.536814" elapsed="3.001266"/>
</kw>
<kw name="Capture Page Screenshot" owner="SeleniumLibrary">
<msg time="2025-03-16T18:18:20.739733" level="INFO" html="true">&lt;/td&gt;&lt;/tr&gt;&lt;tr&gt;&lt;td colspan="3"&gt;&lt;a href="selenium-screenshot-8.png"&gt;&lt;img src="selenium-screenshot-8.png" width="800px"&gt;&lt;/a&gt;</msg>
<doc>Takes a screenshot of the current page and embeds it into a log file.</doc>
<status status="PASS" start="2025-03-16T18:18:20.538683" elapsed="0.201108"/>
</kw>
<tag>SCMS</tag>
<status status="PASS" start="2025-03-16T18:17:54.167909" elapsed="26.572011"/>
</test>
<doc>Test Registation and Use Gmail.</doc>
<status status="PASS" start="2025-03-16T18:17:54.095846" elapsed="26.644308"/>
</suite>
<statistics>
<total>
<stat pass="1" fail="0" skip="0">All Tests</stat>
</total>
<tag>
<stat pass="1" fail="0" skip="0">SCMS</stat>
</tag>
<suite>
<stat name="Automated" id="s1" pass="1" fail="0" skip="0">Automated</stat>
</suite>
</statistics>
<errors>
</errors>
</robot>
